fatal: GET con / - 17/5/2023
fatal: GET con /css/styles.css - 17/5/2023
fatal: GET con /favicon.ico - 17/5/2023
fatal: GET con /product/63f0d84554f88c60bca3a72f - 17/5/2023
fatal: undefined
fatal: GET con /favicon.ico - 17/5/2023
fatal: GET con /favicon.ico - 17/5/2023
fatal: GET con /login - 17/5/2023
fatal: GET con /css/styles.css - 17/5/2023
fatal: GET con /js/login.js - 17/5/2023
fatal: GET con /favicon.ico - 17/5/2023
fatal: POST con /api/session/login - 17/5/2023
fatal: POST con /api/session/login - 17/5/2023
fatal: POST con /api/session/login - 17/5/2023
fatal: GET con /register - 17/5/2023
fatal: GET con /js/register.js - 17/5/2023
fatal: GET con /css/styles.css - 17/5/2023
fatal: GET con /favicon.ico - 17/5/2023
fatal: POST con /api/session/register - 17/5/2023
fatal: GET con /login - 17/5/2023
fatal: GET con /css/styles.css - 17/5/2023
fatal: GET con /js/login.js - 17/5/2023
fatal: GET con /favicon.ico - 17/5/2023
fatal: POST con /api/session/login - 17/5/2023
fatal: GET con / - 17/5/2023
fatal: GET con /css/styles.css - 17/5/2023
fatal: GET con /favicon.ico - 17/5/2023
fatal: GET con /product/63e6aeaadcea9d46cdd483be - 17/5/2023
fatal: GET con /css/styles.css - 17/5/2023
fatal: GET con /js/product.js - 17/5/2023
fatal: GET con /favicon.ico - 17/5/2023
fatal: PUT con /api/carts/64656befb8ee0fa8a3f2e76a - 17/5/2023
fatal: PUT con /api/carts/64656befb8ee0fa8a3f2e76a - 17/5/2023
fatal: PUT con /api/carts/64656befb8ee0fa8a3f2e76a - 17/5/2023
fatal: GET con / - 17/5/2023
fatal: GET con /css/styles.css - 17/5/2023
fatal: GET con /favicon.ico - 17/5/2023
fatal: GET con /product/63e6aeaadcea9d46cdd483be - 17/5/2023
fatal: GET con /css/styles.css - 17/5/2023
fatal: GET con /js/product.js - 17/5/2023
fatal: GET con /favicon.ico - 17/5/2023
fatal: PUT con /api/carts/64656befb8ee0fa8a3f2e76a - 17/5/2023
fatal: GET con / - 17/5/2023
fatal: GET con /css/styles.css - 17/5/2023
fatal: GET con /favicon.ico - 17/5/2023
fatal: GET con /product/63f0d84554f88c60bca3a72f - 17/5/2023
fatal: GET con /css/styles.css - 17/5/2023
fatal: GET con /js/product.js - 17/5/2023
fatal: GET con /favicon.ico - 17/5/2023
fatal: PUT con /api/carts/64656befb8ee0fa8a3f2e76a - 17/5/2023
fatal: PUT con /api/carts/64656befb8ee0fa8a3f2e76a - 17/5/2023
fatal: GET con / - 17/5/2023
fatal: GET con /css/styles.css - 17/5/2023
fatal: GET con /favicon.ico - 17/5/2023
fatal: GET con /chat - 17/5/2023
fatal: GET con /js/chat.js - 17/5/2023
fatal: GET con /css/styles.css - 17/5/2023
fatal: GET con /api/session/current - 17/5/2023
fatal: GET con /favicon.ico - 17/5/2023
fatal: GET con / - 17/5/2023
fatal: GET con /css/styles.css - 17/5/2023
fatal: GET con /favicon.ico - 17/5/2023
fatal: GET con /user - 17/5/2023
fatal: GET con /js/logout.js - 17/5/2023
fatal: GET con /css/styles.css - 17/5/2023
fatal: GET con /favicon.ico - 17/5/2023
fatal: GET con /api/session/current - 17/5/2023
fatal: GET con /favicon.ico - 17/5/2023
fatal: GET con / - 17/5/2023
fatal: GET con /css/styles.css - 17/5/2023
fatal: GET con /favicon.ico - 17/5/2023
fatal: GET con /carts/64656befb8ee0fa8a3f2e76a - 17/5/2023
fatal: GET con /css/styles.css - 17/5/2023
fatal: GET con /favicon.ico - 17/5/2023
fatal: POST con /api/carts/64656befb8ee0fa8a3f2e76a/purchase - 17/5/2023
fatal: GET con / - 17/5/2023
fatal: GET con /css/styles.css - 17/5/2023
fatal: GET con /favicon.ico - 17/5/2023
fatal: GET con /user - 17/5/2023
fatal: GET con /css/styles.css - 17/5/2023
fatal: GET con /js/logout.js - 17/5/2023
fatal: GET con /favicon.ico - 17/5/2023
fatal: GET con / - 17/5/2023
fatal: GET con /css/styles.css - 17/5/2023
fatal: GET con /favicon.ico - 17/5/2023
fatal: GET con /user - 17/5/2023
fatal: GET con /css/styles.css - 17/5/2023
fatal: GET con /js/logout.js - 17/5/2023
fatal: GET con /favicon.ico - 17/5/2023
fatal: POST con /api/session/logout - 17/5/2023
fatal: GET con /login - 17/5/2023
fatal: GET con /css/styles.css - 17/5/2023
fatal: GET con /js/login.js - 17/5/2023
fatal: GET con /favicon.ico - 17/5/2023
fatal: GET con / - 17/5/2023
fatal: GET con /css/styles.css - 17/5/2023
fatal: GET con /favicon.ico - 17/5/2023
